Эмулированный браузер: старт
Эмулированный браузер: ROLL JSHandle@object
Эмулированный браузер: старт
Эмулированный браузер: старт
Эмулированный браузер: получил id
Эмулированный браузер: цвет дургой 1
Эмулированный браузер: ставим с умножением
Эмулированный браузер: Ответ от сервера: JSHandle@object
Эмулированный браузер: баланс: 408
Эмулированный браузер: ставка 4
Эмулированный браузер: Ответ от сервера: JSHandle@object
Эмулированный браузер: Ответ от сервера: JSHandle@object
Эмулированный браузер: Ответ от сервера: JSHandle@object
Эмулированный браузер: баланс изменился: 404
Эмулированный браузер: старт
Эмулированный браузер: ROLL JSHandle@object
Эмулированный браузер: старт
Эмулированный браузер: старт
Эмулированный браузер: получил id
Эмулированный браузер: цвет черн
Эмулированный браузер: Ответ от сервера: JSHandle@object
Эмулированный браузер: баланс: 412
Эмулированный браузер: ставка 2
Эмулированный браузер: Ответ от сервера: JSHandle@object
Эмулированный браузер: Ответ от сервера: JSHandle@object
Эмулированный браузер: Ответ от сервера: JSHandle@object
Эмулированный браузер: баланс изменился: 410
Эмулированный браузер: старт
Эмулированный браузер: ROLL JSHandle@object
Эмулированный браузер: старт
Эмулированный браузер: старт
Эмулированный браузер: получил id
Эмулированный браузер: цвет черн
Эмулированный браузер: Ответ от сервера: JSHandle@object
Эмулированный браузер: баланс: 414
Эмулированный браузер: ставка 2
Эмулированный браузер: Ответ от сервера: JSHandle@object
Эмулированный браузер: Ответ от сервера: JSHandle@object
Эмулированный браузер: Ответ от сервера: JSHandle@object
Эмулированный браузер: баланс изменился: 412
Эмулированный браузер: старт
Эмулированный браузер: ROLL JSHandle@object
Эмулированный браузер: старт
Эмулированный браузер: старт
Эмулированный браузер: получил id
Эмулированный браузер: цвет черн
Эмулированный браузер: Ответ от сервера: JSHandle@object
Эмулированный браузер: баланс: 416
Эмулированный браузер: ставка 2
Эмулированный браузер: Ответ от сервера: JSHandle@object
Эмулированный браузер: Ответ от сервера: JSHandle@object
Эмулированный браузер: Ответ от сервера: JSHandle@object
Эмулированный браузер: баланс изменился: 414
Эмулированный браузер: старт
Эмулированный браузер: старт
Эмулированный браузер: ROLL JSHandle@object
Эмулированный браузер: старт
Эмулированный браузер: получил id
Эмулированный браузер: цвет дургой 1
Эмулированный браузер: ставим с умножением
Эмулированный браузер: Ответ от сервера: JSHandle@object
Эмулированный браузер: баланс: 414
Эмулированный браузер: ставка 4
Эмулированный браузер: Ответ от сервера: JSHandle@object
Эмулированный браузер: Ответ от сервера: JSHandle@object
Эмулированный браузер: баланс не изменился, ставим ещё раз414
Эмулированный браузер: ставка 4
Эмулированный браузер: Ответ от сервера: JSHandle@object
Эмулированный браузер: Ответ от сервера: JSHandle@object
Эмулированный браузер: Ответ от сервера: JSHandle@object
Эмулированный браузер: баланс изменился: 410
Эмулированный браузер: старт
Эмулированный браузер: старт
Эмулированный браузер: ROLL JSHandle@object
Эмулированный браузер: старт
Эмулированный браузер: получил id
Эмулированный браузер: цвет дургой 2
Эмулированный браузер: ставим с умножением
Эмулированный браузер: Ответ от сервера: JSHandle@object
Эмулированный браузер: баланс: 410
Эмулированный браузер: ставка 8
Эмулированный браузер: Ответ от сервера: JSHandle@object
Эмулированный браузер: Ответ от сервера: JSHandle@object
Эмулированный браузер: баланс не изменился, ставим ещё раз410
Эмулированный браузер: ставка 8
Эмулированный браузер: Ответ от сервера: JSHandle@object
Эмулированный браузер: Ответ от сервера: JSHandle@object
Эмулированный браузер: Ответ от сервера: JSHandle@object
Эмулированный браузер: баланс изменился: 402
Эмулированный браузер: старт
Эмулированный браузер: старт
Эмулированный браузер: ROLL JSHandle@object
Эмулированный браузер: старт
Эмулированный браузер: старт
Эмулированный браузер: получил id
Эмулированный браузер: цвет дургой 3
Эмулированный браузер: ставим с умножением
Эмулированный браузер: Ответ от сервера: JSHandle@object
Эмулированный браузер: баланс: 402
Эмулированный браузер: ставка 16
Эмулированный браузер: Ответ от сервера: JSHandle@object
Эмулированный браузер: Ответ от сервера: JSHandle@object
